\BOOKMARK [1][-]{section*.1}{\376\377\000A\000\040\000m\000y\000\040\000n\000i\000e\000\040\000c\000h\000c\000e\000m\000y\000\040\000u\000c\000i\000e\000k\000a\001\007\000\040\000s\000t\001\005\000d}{}% 1
\BOOKMARK [1][-]{section*.2}{\376\377\000A\000j\000r\000i\000s\000z}{}% 2
\BOOKMARK [1][-]{section*.3}{\376\377\000A\000l\000e\000\040\000t\000o\000\040\000j\000u\001\174\000\040\000b\000y\001\102\000o}{}% 3
\BOOKMARK [1][-]{section*.4}{\376\377\000A\000l\000e\000x\000a\000n\000d\000e\000r}{}% 4
\BOOKMARK [1][-]{section*.5}{\376\377\000A\000l\000i\000b\000i}{}% 5
\BOOKMARK [1][-]{section*.6}{\376\377\000A\000l\000l\000e\000l\000u\000j\000a}{}% 6
\BOOKMARK [1][-]{section*.7}{\376\377\000A\000r\000c\000h\000a\000n\000i\000o\001\102\000y\000\040\001\132\000l\001\005\000s\000k\000i\000e\000j\000\040\000Z\000i\000e\000m\000i}{}% 7
\BOOKMARK [1][-]{section*.8}{\376\377\000A\000r\000k\000a\000\040\000N\000o\000e\000g\000o}{}% 8
\BOOKMARK [1][-]{section*.9}{\376\377\000A\000u\000t\000o\000b\000i\000o\000g\000r\000a\000f\000i\000a}{}% 9
\BOOKMARK [1][-]{section*.10}{\376\377\000A\000u\000t\000o\000b\000u\000s\000\040\000z\000\040\000p\000i\000e\000k\000i\000e\001\102\000\040\000b\000r\000a\000m}{}% 10
\BOOKMARK [1][-]{section*.11}{\376\377\000B\000a\000l\000l\000a\000d\000a\000\040\000W\000r\000z\000e\001\133\000n\000i\000o\000w\000a}{}% 11
\BOOKMARK [1][-]{section*.12}{\376\377\000B\000a\000l\000l\000a\000d\000a\000\040\000m\000a\000j\000o\000w\000a}{}% 12
\BOOKMARK [1][-]{section*.13}{\376\377\000B\000a\000l\000l\000a\000d\000a\000\040\000o\000\040\000d\000z\000i\000e\000w\000c\000z\000y\000n\000i\000e\000,\000\040\000c\000o\000\040\000p\000i\001\102\000a\000\040\000g\000o\000r\001\005\000c\000e\000\040\000m\000l\000e\000k\000o}{}% 13
\BOOKMARK [1][-]{section*.14}{\376\377\000B\000a\000l\000l\000a\000d\000a\000\040\000o\000\040\000d\000z\000i\000k\000i\000m\000\040\000z\000a\000c\000h\000o\000d\000z\000i\000e}{}% 14
\BOOKMARK [1][-]{section*.15}{\376\377\000B\000a\000l\000l\000a\000d\000a\000\040\000o\000\040\000h\000a\000r\000c\000e\000r\000s\000k\000i\000e\000j\000\040\000m\000i\001\102\000o\001\133\000c\000i}{}% 15
\BOOKMARK [1][-]{section*.16}{\376\377\000B\000a\000l\000l\000a\000d\000a\000\040\000o\000\040\000j\000e\000d\000n\000e\000j\000\040\000\050\000p\000a\000n\000i\000\051\000\040\000W\000i\000s\000n\000i\000e\000w\000s\000k\000i\000e\000j}{}% 16
\BOOKMARK [1][-]{section*.17}{\376\377\000B\000a\000l\000l\000a\000d\000a\000\040\000o\000\040\000k\000r\000z\000y\001\174\000o\000w\000c\000u}{}% 17
\BOOKMARK [1][-]{section*.18}{\376\377\000B\000a\000l\000l\000a\000d\000a\000\040\000o\000\040\000s\000m\000u\000t\000n\000y\000m\000\040\000p\000r\000o\000g\000r\000a\000m\000i\001\133\000c\000i\000e}{}% 18
\BOOKMARK [1][-]{section*.19}{\376\377\000B\000a\000l\000l\000a\000d\000a\000\040\000o\000\040\000s\000p\000a\000l\000o\000n\000e\000j\000\040\000s\000y\000n\000a\000g\000o\000d\000z\000e}{}% 19
\BOOKMARK [1][-]{section*.20}{\376\377\000B\000a\000l\000l\000a\000d\000a\000\040\000o\000\040\000z\000a\000m\000k\000u}{}% 20
\BOOKMARK [1][-]{section*.21}{\376\377\000B\000a\000l\000l\000a\000d\000a\000\040\000o\000\040\001\133\000w\000.\000\040\000M\000i\000k\000o\001\102\000a\000j\000u}{}% 21
\BOOKMARK [1][-]{section*.22}{\376\377\000B\000a\000l\000l\000a\000d\000a\000\040\000r\000a\000j\000d\000o\000w\000a}{}% 22
\BOOKMARK [1][-]{section*.23}{\376\377\000B\000a\000l\000l\000a\000d\000a\000\040\000z\000\040\000g\000\363\000r}{}% 23
\BOOKMARK [1][-]{section*.24}{\376\377\000B\000a\000r\000w\000y\000\040\000P\000i\000o\000s\000e\000n\000k\000i}{}% 24
\BOOKMARK [1][-]{section*.25}{\376\377\000B\000e\000z\000\040\000s\001\102\000\363\000w}{}% 25
\BOOKMARK [1][-]{section*.26}{\376\377\000B\000i\000a\001\102\000a\000\040\000S\000u\000k\000i\000e\000n\000k\000a}{}% 26
\BOOKMARK [1][-]{section*.27}{\376\377\000B\000i\000e\000s\000z\000c\000z\000a\000d\000y}{}% 27
\BOOKMARK [1][-]{section*.28}{\376\377\000B\000i\000e\000s\000z\000c\000z\000a\000d\000z\000k\000i\000\040\000R\000o\000c\000k\000\040\040\030\000n\040\031\000\040\000R\000o\000l\000l}{}% 28
\BOOKMARK [1][-]{section*.29}{\376\377\000B\000i\000e\000s\000z\000c\000z\000a\000d\000z\000k\000i\000\040\000t\000r\000a\000k\000t}{}% 29
\BOOKMARK [1][-]{section*.30}{\376\377\000B\000i\000e\000s\000z\000c\000z\000a\000d\000z\000k\000i\000e\000\040\000R\000e\000g\000g\000a\000e}{}% 30
\BOOKMARK [1][-]{section*.31}{\376\377\000B\000i\000e\000s\000z\000c\000z\000a\000d\000z\000k\000i\000e\000\040\000a\000n\000i\000o\001\102\000y}{}% 31
\BOOKMARK [1][-]{section*.32}{\376\377\000B\000i\000e\000s\000z\000c\000z\000a\000d\000z\000k\000i\000e\000\040\000t\000a\000n\000g\000o}{}% 32
\BOOKMARK [1][-]{section*.33}{\376\377\000B\000i\000t\000w\000a}{}% 33
\BOOKMARK [1][-]{section*.34}{\376\377\000B\000o\000l\000e\000r\000o}{}% 34
\BOOKMARK [1][-]{section*.35}{\376\377\000C\000a\000r\000p\000e\000\040\000d\000i\000e\000m}{}% 35
\BOOKMARK [1][-]{section*.36}{\376\377\000C\000e\000r\000k\000i\000e\000w\000\040\000w\000\040\000o\000g\000n\000i\000u}{}% 36
\BOOKMARK [1][-]{section*.37}{\376\377\000C\000h\000o\000d\001\172\000,\000\040\000p\000o\000m\000a\000l\000u\000j\000\040\000m\000\363\000j\000\040\001\133\000w\000i\000a\000t}{}% 37
\BOOKMARK [1][-]{section*.38}{\376\377\000C\000h\001\102\000o\000p\000c\000y\000\040\000z\000\040\000B\000o\000t\000a\000n\000y\000\040\000B\000a\000y}{}% 38
\BOOKMARK [1][-]{section*.39}{\376\377\000C\000i\001\005\000g\000l\000e\000\040\000p\000a\000d\000a}{}% 39
\BOOKMARK [1][-]{section*.40}{\376\377\000C\000z\000a\000r\000n\000y\000\040\000b\000l\000u\000e\000s\000\040\000o\000\040\000c\000z\000w\000a\000r\000t\000e\000j\000\040\000n\000a\000d\000\040\000r\000a\000n\000e\000m}{}% 40
\BOOKMARK [1][-]{section*.41}{\376\377\000C\000z\000a\000r\000n\000y\000\040\000c\000h\000l\000e\000b\000\040\000i\000\040\000c\000z\000a\000r\000n\000a\000\040\000k\000a\000w\000a}{}% 41
\BOOKMARK [1][-]{section*.42}{\376\377\000C\000z\000e\000s\000k\000a\000\040\000s\000z\000a\000n\000t\000a}{}% 42
\BOOKMARK [1][-]{section*.43}{\376\377\000D\000a\000b\000i\000\040\000d\000a\000m\000\040\000d\000a\000m}{}% 43
\BOOKMARK [1][-]{section*.44}{\376\377\000D\000e\000e\000s\000i\000s}{}% 44
\BOOKMARK [1][-]{section*.45}{\376\377\000D\000i\000a\000b\000e\001\102\000\040\000i\000\040\000A\000n\000i\000o\001\102}{}% 45
\BOOKMARK [1][-]{section*.46}{\376\377\000D\000n\000i\000,\000\040\000k\000t\000\363\000r\000y\000c\000h\000\040\000n\000i\000e\000\040\000z\000n\000a\000m\000y}{}% 46
\BOOKMARK [1][-]{section*.47}{\376\377\0002\0004\000\040\000l\000u\000t\000e\000g\000o}{}% 47
\BOOKMARK [1][-]{section*.48}{\376\377\000D\000y\000m\000\040\000z\000\040\000j\000a\001\102\000o\000w\000c\000a}{}% 48
\BOOKMARK [1][-]{section*.49}{\376\377\000D\000z\000i\000e\000c\000i}{}% 49
\BOOKMARK [1][-]{section*.50}{\376\377\0001\0000\000\040\000w\000\040\000s\000k\000a\000l\000i\000\040\000B\000e\000a\000u\000f\000o\000r\000t\000a}{}% 50
\BOOKMARK [1][-]{section*.51}{\376\377\000D\000z\000i\000e\000w\000c\000z\000y\000n\000a\000\040\000r\000u\000m\000i\000a\000n\000k\000o\000w\000a}{}% 51
\BOOKMARK [1][-]{section*.52}{\376\377\000D\000z\000i\000e\000w\000c\000z\000y\000n\000a\000\040\000z\000\040\000g\000r\000a\000n\000a\000t\000e\000m}{}% 52
\BOOKMARK [1][-]{section*.53}{\376\377\0009\0000\0000\000\040\000m\000i\000l}{}% 53
\BOOKMARK [1][-]{section*.54}{\376\377\000D\000z\000i\000k\000i\000\040\000w\001\102\000\363\000c\000z\001\031\000g\000a}{}% 54
\BOOKMARK [1][-]{section*.55}{\376\377\000D\001\102\000o\000n\000i\000e\000\040\000p\000l\000e\000c\000i\000o\000n\000e}{}% 55
\BOOKMARK [1][-]{section*.56}{\376\377\000D\001\102\000u\000g\000o\001\133\001\007\000\040\000d\001\172\000w\000i\001\031\000k\000u\000\040\000w\000\040\000s\000a\000m\000o\000t\000n\000o\001\133\000c\000i}{}% 56
\BOOKMARK [1][-]{section*.57}{\376\377\000E\000m\000e\000r\000y\000t}{}% 57
\BOOKMARK [1][-]{section*.58}{\376\377\000E\000p\000i\000t\000a\000f\000i\000u\000m\000\040\000d\000l\000a\000\040\000M\000a\000j\000o\000r\000a\000\040\000O\000g\000n\000i\000a}{}% 58
\BOOKMARK [1][-]{section*.59}{\376\377\000E\000p\000i\000t\000a\000f\000i\000u\000m\000\040\000d\000l\000a\000\040\000M\000a\000j\000o\000r\000a\000\040\000P\000o\000n\000u\000r\000e\000g\000o}{}% 59
\BOOKMARK [1][-]{section*.60}{\376\377\000E\000p\000i\000t\000a\000f\000i\000u\000m\000\040\000d\000l\000a\000\040\000S\000.\000\040\000J\000e\000s\000i\000e\000n\000i\000n\000a}{}% 60
\BOOKMARK [1][-]{section*.61}{\376\377\000E\000p\000i\000t\000a\000f\000i\000u\000m\000\040\000d\000l\000a\000\040\000W\000y\000s\000o\000c\000k\000i\000e\000g\000o}{}% 61
\BOOKMARK [1][-]{section*.62}{\376\377\000E\000v\000e\000r\000y\000\040\000b\000r\000e\000a\000t\000h\000\040\000y\000o\000u\000\040\000t\000a\000k\000e}{}% 62
\BOOKMARK [1][-]{section*.63}{\376\377\000F\000e\000w\000\040\000D\000a\000y\000s}{}% 63
\BOOKMARK [1][-]{section*.64}{\376\377\000G\000d\000y\000\040\000s\000z\000e\000d\001\102\000e\000m\000\040\000n\000a\000\040\000w\000a\000r\000t\001\031}{}% 64
\BOOKMARK [1][-]{section*.65}{\376\377\000G\000d\000z\000i\000e\000\040\000j\000e\000s\000t\000e\001\133\000\040\000R\000u\000d\000y\000,\000\040\000A\000l\000k\000u\000\040\000i\000\040\000Z\000o\001\133\000k\000o\000?}{}% 65
\BOOKMARK [1][-]{section*.66}{\376\377\000G\000d\000z\000i\000e\000\040\000t\000a\000\040\000k\000e\000j\000a}{}% 66
\BOOKMARK [1][-]{section*.67}{\376\377\000G\000r\000e\000e\000n\000\040\000H\000o\000r\000n}{}% 67
\BOOKMARK [1][-]{section*.68}{\376\377\000G\000r\000o\000s\000z\000a\000\040\000d\000a\000j\000\040\000w\000i\000e\000d\001\172\000m\000i\000n\000o\000w\000i}{}% 68
\BOOKMARK [1][-]{section*.69}{\376\377\000G\000\363\000r\000\040\000m\000i\000\040\000m\000a\001\102\000o}{}% 69
\BOOKMARK [1][-]{section*.70}{\376\377\000H\000a\000k\000u\000n\000a\000\040\000M\000a\000t\000a\000t\000a}{}% 70
\BOOKMARK [1][-]{section*.71}{\376\377\000H\000e\000j\000\040\000S\000o\000k\000o\001\102\000y}{}% 71
\BOOKMARK [1][-]{section*.72}{\376\377\000H\000e\000j\000\040\000m\000o\000r\000z\000e\000,\000\040\000m\000o\000j\000e\000\040\000m\000o\000r\000z\000e}{}% 72
\BOOKMARK [1][-]{section*.73}{\376\377\000H\000e\000j\000\040\000p\000r\000z\000y\000j\000a\000c\000i\000e\000l\000e}{}% 73
\BOOKMARK [1][-]{section*.74}{\376\377\000H\000e\000j\000\040\000w\000\040\000g\000\363\000r\000y}{}% 74
\BOOKMARK [1][-]{section*.75}{\376\377\000H\000i\000s\000z\000p\000a\001\104\000s\000k\000i\000e\000\040\000d\000z\000i\000e\000w\000c\000z\000y\000n\000y}{}% 75
\BOOKMARK [1][-]{section*.76}{\376\377\000H\000o\000t\000e\000l\000\040\000C\000a\000l\000i\000f\000o\000r\000n\000i\000a}{}% 76
\BOOKMARK [1][-]{section*.77}{\376\377\000I\000d\000z\000i\000e\000m\000y\000\040\000w\000\040\000j\000a\000s\000n\001\005}{}% 77
\BOOKMARK [1][-]{section*.78}{\376\377\000I\000r\000l\000a\000n\000d\000z\000k\000i\000\040\001\173\000e\000g\000l\000a\000r\000z}{}% 78
\BOOKMARK [1][-]{section*.79}{\376\377\000J\000a\000d\001\031\000\040\000u\000l\000i\000c\001\005}{}% 79
\BOOKMARK [1][-]{section*.80}{\376\377\000J\000a\000g\000n\000i\001\031\000c\000y\000m\000\040\000f\000u\000t\000e\000r\000k\000i\000e\000m\000\040\000w\000a\001\102\000e\000k\000\040\000p\000o\000k\000r\000y\000t\000y}{}% 80
\BOOKMARK [1][-]{section*.81}{\376\377\000J\000a\000g\000n\000i\001\031\000c\000y\000m\000\040\000f\000u\000t\000e\000r\000k\000i\000e\000m\000\040\000w\000a\001\102\000e\000k\000\040\000p\000o\000k\000r\000y\000t\000y\000\040\0002}{}% 81
\BOOKMARK [1][-]{section*.82}{\376\377\000J\000a\000k}{}% 82
\BOOKMARK [1][-]{section*.83}{\376\377\000J\000a\000k\000i\000\040\000b\000y\001\102\000\040\000t\000e\000n\000\040\000d\000z\000i\000e\001\104}{}% 83
\BOOKMARK [1][-]{section*.84}{\376\377\000J\000a\000s\000n\000o\000w\001\102\000o\000s\000a}{}% 84
\BOOKMARK [1][-]{section*.85}{\376\377\000J\000a\001\102\000t\000a}{}% 85
\BOOKMARK [1][-]{section*.86}{\376\377\000J\000e\000s\000i\000e\000n\000n\000e\000\040\000w\000i\000n\000o}{}% 86
\BOOKMARK [1][-]{section*.87}{\376\377\000J\000e\000s\000t\000\040\000j\000u\001\174\000\040\000z\000a\000\040\000p\000\363\001\172\000n\000o\000,\000\040\000n\000i\000e\000\040\000j\000e\000s\000t\000\040\000z\000a\000\040\000p\000\363\001\172\000n\000o}{}% 87
\BOOKMARK [1][-]{section*.88}{\376\377\000J\000e\000s\000t\000e\001\133\000m\000y\000\040\000J\000a\000g\000\363\000d\000k\000i}{}% 88
\BOOKMARK [1][-]{section*.89}{\376\377\000J\000o\000l\000k\000a\000,\000\040\000J\000o\000l\000k\000a\000,\000\040\000p\000a\000m\000i\001\031\000t\000a\000s\000z}{}% 89
\BOOKMARK [1][-]{section*.90}{\376\377\000J\000u\001\174\000\040\000r\000o\000z\000p\000a\000l\000i\001\102\000o\000\040\000s\000i\001\031\000\040\000o\000g\000n\000i\000s\000k\000o}{}% 90
\BOOKMARK [1][-]{section*.91}{\376\377\000K\000a\000n\000t\000y\000c\000z\000k\000a\000\040\000z\000\040\000l\000o\000t\000u\000\040\000p\000t\000a\000k\000a}{}% 91
\BOOKMARK [1][-]{section*.92}{\376\377\000K\000a\000r\000a\000b\000i\000n}{}% 92
\BOOKMARK [1][-]{section*.93}{\376\377\000K\000a\000r\000t\000k\000a\000\040\000z\000\040\000k\000a\000l\000e\000n\000d\000a\000r\000z\000a}{}% 93
\BOOKMARK [1][-]{section*.94}{\376\377\000K\000a\000s\000z\000u\000b\000s\000k\000i\000e\000\040\000n\000o\000c\000e}{}% 94
\BOOKMARK [1][-]{section*.95}{\376\377\000K\000i\000l\000e\000r}{}% 95
\BOOKMARK [1][-]{section*.96}{\376\377\000K\000i\000n\000g}{}% 96
\BOOKMARK [1][-]{section*.97}{\376\377\000K\000o\000c\000h\000a\000m\000\040\000C\000i\001\031\000\040\000j\000a\000k\000\040\000I\000r\000l\000a\000n\000d\000i\001\031}{}% 97
\BOOKMARK [1][-]{section*.98}{\376\377\000K\000o\000n\000i\000e\000c}{}% 98
\BOOKMARK [1][-]{section*.99}{\376\377\000K\000r\000a\000j\000k\000a}{}% 99
\BOOKMARK [1][-]{section*.100}{\376\377\000L\000e\000k\000c\000j\000a\000\040\000h\000i\000s\000t\000o\000r\000i\000i\000\040\000k\000l\000a\000s\000y\000c\000z\000n\000e\000j}{}% 100
\BOOKMARK [1][-]{section*.101}{\376\377\000L\000e\000w\000e\000\040\000L\000e\000w\000e\000\040\000L\000o\000f\000f}{}% 101
\BOOKMARK [1][-]{section*.102}{\376\377\000J\000a\000k\000\040\000z\000a\000p\000o\000m\000n\000i\000e\001\007}{}% 102
\BOOKMARK [1][-]{section*.103}{\376\377\000L\000i\000p\000k\000a}{}% 103
\BOOKMARK [1][-]{section*.104}{\376\377\000L\000i\000s\000t\000\040\000d\000o\000\040\000B\000o\000g\000a}{}% 104
\BOOKMARK [1][-]{section*.105}{\376\377\000L\000i\000s\000t\000\040\000d\000o\000\040\000M\000.}{}% 105
\BOOKMARK [1][-]{section*.106}{\376\377\000L\000u\000b\000i\001\031\000\040\000m\000\363\000w\000i\001\007\000\040\000z\000\040\000T\000o\000b\001\005}{}% 106
\BOOKMARK [1][-]{section*.107}{\376\377\000M\000a\000j\000s\000t\000e\000r\000\040\000B\000i\000e\000d\000a}{}% 107
\BOOKMARK [1][-]{section*.108}{\376\377\000M\000a\000r\000c\000o\000\040\000P\000o\000l\000o}{}% 108
\BOOKMARK [1][-]{section*.109}{\376\377\000M\000a\001\102\000y\000\040\000O\000b\000\363\000z}{}% 109
\BOOKMARK [1][-]{section*.110}{\376\377\000M\000e\000w\000y}{}% 110
\BOOKMARK [1][-]{section*.111}{\376\377\000M\000i\000a\000s\000t\000o\000\040\000b\000u\000d\000z\000i\000\040\000s\000i\001\031}{}% 111
\BOOKMARK [1][-]{section*.112}{\376\377\000M\000i\000e\001\007\000\040\000c\000z\000y\000\040\000b\000y\001\007}{}% 112
\BOOKMARK [1][-]{section*.113}{\376\377\000M\000o\000d\000l\000i\000t\000w\000a\000\040\000o\000\040\000w\000s\000c\000h\000o\000d\000z\000i\000e\000\040\000s\001\102\000o\001\104\000c\000a}{}% 113
\BOOKMARK [1][-]{section*.114}{\376\377\000M\000o\000j\000a\000\040\000W\000i\000e\000l\000k\000a\000\040\000C\000i\001\031\001\174\000a\000r\000\363\000w\000a}{}% 114
\BOOKMARK [1][-]{section*.115}{\376\377\000M\000u\000r\000y}{}% 115
\BOOKMARK [1][-]{section*.116}{\376\377\000M\000u\000s\000z\000k\000a\000\040\000p\000l\000u\000j\000k\000a}{}% 116
\BOOKMARK [1][-]{section*.117}{\376\377\000N\000a\000\040\000c\000o\000\040\000k\000o\000m\000u\000\040\000d\000z\000i\001\133}{}% 117
\BOOKMARK [1][-]{section*.118}{\376\377\000N\000a\000\040\000j\000e\000d\000n\000e\000j\000\040\000z\000\040\000d\000z\000i\000k\000i\000c\000h\000\040\000p\000l\000a\001\174}{}% 118
\BOOKMARK [1][-]{section*.119}{\376\377\000N\000a\000p\000i\000s\000z\000\040\000l\000i\000s\000t}{}% 119
\BOOKMARK [1][-]{section*.120}{\376\377\000N\000a\000s\000z\000a\000\040\000k\000l\000a\000s\000a}{}% 120
\BOOKMARK [1][-]{section*.121}{\376\377\000N\000i\000e\000\040\000j\000e\000s\000t\000e\000m\000\040\001\133\000w\000i\001\031\000t\000y}{}% 121
\BOOKMARK [1][-]{section*.122}{\376\377\000N\000i\000e\000\040\000l\000u\000b\000i\001\031}{}% 122
\BOOKMARK [1][-]{section*.123}{\376\377\000N\000i\000e\000\040\000p\001\102\000a\000c\000z\000\040\000E\000w\000k\000a}{}% 123
\BOOKMARK [1][-]{section*.124}{\376\377\000N\000o\000c\000\040\000w\000\040\000B\000i\000e\000s\000z\000c\000z\000a\000d\000a\000c\000h}{}% 124
\BOOKMARK [1][-]{section*.125}{\376\377\000N\000o\000r\000t\000h\000\040\040\023\000\040\000W\000e\000s\000t\000\040\000P\000a\000s\000s\000a\000g\000e}{}% 125
\BOOKMARK [1][-]{section*.126}{\376\377\000O\000b\001\102\000a\000w\000a}{}% 126
\BOOKMARK [1][-]{section*.127}{\376\377\000O\000b\001\102\000a\000w\000a\000\040\000I\000I\000I\000\040\000\050\000p\000o\000t\000r\000z\000a\000s\000k\000i\000\051}{}% 127
\BOOKMARK [1][-]{section*.128}{\376\377\000O\000b\001\102\000a\000w\000a\000\040\000I\000I\000\040\000\050\000z\000\040\000h\000e\000l\000i\000k\000o\000p\000t\000e\000r\000\363\000w\000\051}{}% 128
\BOOKMARK [1][-]{section*.129}{\376\377\000O\000b\001\102\000a\000w\000a\000\040\000I\000V}{}% 129
\BOOKMARK [1][-]{section*.130}{\376\377\000O\000b\001\102\000a\000w\000a\000\040\000V}{}% 130
\BOOKMARK [1][-]{section*.131}{\376\377\000O\000g\000i\000e\001\104}{}% 131
\BOOKMARK [1][-]{section*.132}{\376\377\000O\000j\000c\000z\000y\000z\000n\000a\000\040\000\050\000J\000e\000z\000i\000o\000r\000\040\000B\001\102\001\031\000k\000i\000t\000\051}{}% 132
\BOOKMARK [1][-]{section*.133}{\376\377\000O\000p\000a\000d\001\102\000y\000\040\000m\000g\001\102\000y}{}% 133
\BOOKMARK [1][-]{section*.134}{\376\377\000O\000r\000a\000n\001\174\000a\000d\000a}{}% 134
\BOOKMARK [1][-]{section*.135}{\376\377\000O\000s\000t\000a\000t\000n\000i\000a\000\040\000k\000u\000l\000a}{}% 135
\BOOKMARK [1][-]{section*.136}{\376\377\000O\000s\000t\000a\000t\000n\000i\000a\000\040\000m\000a\000p\000a\000\040\000P\000o\000l\000s\000k\000i}{}% 136
\BOOKMARK [1][-]{section*.137}{\376\377\000O\000s\000t\000a\000t\000n\000i\000a\000\040\000n\000a\000d\000z\000i\000e\000j\000a}{}% 137
\BOOKMARK [1][-]{section*.138}{\376\377\000O\000s\000t\000a\000t\000n\000i\000a\000\040\000n\000o\000c\000k\000a}{}% 138
\BOOKMARK [1][-]{section*.139}{\376\377\000P\000a\001\102\000a\000c\000y\000k\000\040\000M\000i\000c\000h\000l\000a}{}% 139
\BOOKMARK [1][-]{section*.140}{\376\377\000P\000e\000j\000z\000a\001\174\000e\000\040\000h\000a\000r\000a\000s\000y\000m\000o\000w\000i\000c\000z\000o\000w\000s\000k\000i\000e}{}% 140
\BOOKMARK [1][-]{section*.141}{\376\377\000P\000i\000e\001\133\001\104\000\040\000D\000a\000w\000i\000d\000a\000\040\000n\000a\000\040\000p\000u\000s\000t\000y\000n\000i}{}% 141
\BOOKMARK [1][-]{section*.142}{\376\377\000P\000i\000e\001\133\001\104\000\040\000p\000o\001\174\000e\000g\000n\000a\000l\000n\000a}{}% 142
\BOOKMARK [1][-]{section*.143}{\376\377\000P\000i\000e\001\133\001\104\000\040\000w\000i\000e\000l\000o\000r\000y\000b\000n\000i\000k\000\363\000w}{}% 143
\BOOKMARK [1][-]{section*.144}{\376\377\000P\000i\001\102\000a\000\040\000t\000a\000n\000g\000o}{}% 144
\BOOKMARK [1][-]{section*.145}{\376\377\000P\000o\000e\000z\000j\000a}{}% 145
\BOOKMARK [1][-]{section*.146}{\376\377\000P\000o\000z\000i\000o\000m\000k\000i}{}% 146
\BOOKMARK [1][-]{section*.147}{\376\377\000P\000o\001\102\000o\000n\000i\000n\000y\000\040\000n\000i\000e\000b\000i\000e\000s\000k\000i\000e}{}% 147
\BOOKMARK [1][-]{section*.148}{\376\377\000P\000o\001\174\000e\000g\000n\000a\000n\000i\000e\000\040\000L\000i\000v\000e\000r\000p\000o\000o\000l\000u}{}% 148
\BOOKMARK [1][-]{section*.149}{\376\377\000P\000r\000e\000l\000u\000d\000i\000u\000m\000\040\000d\000l\000a\000\040\000L\000e\000o\000n\000a\000r\000d\000a}{}% 149
\BOOKMARK [1][-]{section*.150}{\376\377\000P\000r\000z\000e\000b\000u\000d\000z\000e\000n\000i\000e}{}% 150
\BOOKMARK [1][-]{section*.151}{\376\377\000P\000r\000z\000e\000c\000h\000y\001\102\000y}{}% 151
\BOOKMARK [1][-]{section*.152}{\376\377\000P\000r\000z\000e\000m\000i\000j\000a\000n\000i\000e}{}% 152
\BOOKMARK [1][-]{section*.153}{\376\377\000P\001\102\000o\000n\000i\000e\000\040\000o\000g\000n\000i\000s\000k\000o\000\040\000i\000\040\000s\000z\000u\000m\000i\001\005\000\040\000k\000n\000i\000e\000j\000e}{}% 153
\BOOKMARK [1][-]{section*.154}{\376\377\000R\000a\000p\000s\000o\000d\000\040\000o\000\040\000W\000a\000r\000n\000e\001\104\000c\000z\000y\000k\000u}{}% 154
\BOOKMARK [1][-]{section*.155}{\376\377\000R\000\363\000w\000n\000o\000l\000e\000g\001\102\000e}{}% 155
\BOOKMARK [1][-]{section*.156}{\376\377\000R\000\363\001\174\000a\000\040\000i\000\040\000b\000e\000z}{}% 156
\BOOKMARK [1][-]{section*.157}{\376\377\000S\000c\000e\000n\000a\000r\000i\000u\000s\000z\000\040\000d\000l\000a\000\040\000m\000o\000i\000c\000h\000\040\000s\001\005\000s\000i\000a\000d\000\363\000w}{}% 157
\BOOKMARK [1][-]{section*.158}{\376\377\000S\000e\000n\000\040\000K\000a\000t\000a\000r\000z\000y\000n\000y\000\040\000I\000I}{}% 158
\BOOKMARK [1][-]{section*.159}{\376\377\000S\000e\000n\000\040\000o\000\040\000W\000a\000r\000s\000z\000a\000w\000i\000e}{}% 159
\BOOKMARK [1][-]{section*.160}{\376\377\000S\000i\000e\000d\000e\000m\000\040\000g\000r\000z\000e\000c\000h\000\363\000w\000\040\000g\001\102\000\363\000w\000n\000y\000c\000h}{}% 160
\BOOKMARK [1][-]{section*.161}{\376\377\000S\000o\000s\000e\000n\000k\000a}{}% 161
\BOOKMARK [1][-]{section*.162}{\376\377\000S\000t\000a\000c\000j\000a\000\040\000W\000a\000r\000s\000z\000a\000w\000a}{}% 162
\BOOKMARK [1][-]{section*.163}{\376\377\000S\000t\000o\000k\000r\000o\000t\000k\000a}{}% 163
\BOOKMARK [1][-]{section*.164}{\376\377\000S\000z\000a\000n\000t\000a\000\040\000n\000a\000r\000c\000i\000a\000r\000s\000k\000a}{}% 164
\BOOKMARK [1][-]{section*.165}{\376\377\000S\000z\000a\000r\000a\000\040\000l\000i\000l\000i\000j\000k\000a}{}% 165
\BOOKMARK [1][-]{section*.166}{\376\377\000S\000z\000u\000n\000e\000r\000\040\000I\040\031\000m\000\040\000A\000l\000o\000n\000e}{}% 166
\BOOKMARK [1][-]{section*.167}{\376\377\000S\000z\000w\000e\000j\000k\000o\000w\000a\000\040\000b\000a\000l\000l\000a\000d\000a}{}% 167
\BOOKMARK [1][-]{section*.168}{\376\377\000T\000a\000k\000\040\000j\000a\000k\000\040\000p\000t\000a\000k\000i}{}% 168
\BOOKMARK [1][-]{section*.169}{\376\377\000T\000e\000s\000t\000a\000m\000e\000n\000t}{}% 169
\BOOKMARK [1][-]{section*.170}{\376\377\000T\000y\000l\000e\000\040\000s\001\102\000o\001\104\000c\000a\000\040\000w\000\040\000c\000a\001\102\000y\000m\000\040\000m\000i\000e\001\133\000c\000i\000e}{}% 170
\BOOKMARK [1][-]{section*.171}{\376\377\0001\0007\0008\0008}{}% 171
\BOOKMARK [1][-]{section*.172}{\376\377\000U\001\102\000a\000n}{}% 172
\BOOKMARK [1][-]{section*.173}{\376\377\000W\000\040\000t\000a\000k\001\005\000\040\000c\000i\000s\000z\001\031}{}% 173
\BOOKMARK [1][-]{section*.174}{\376\377\000W\000a\000r\000s\000z\000a\000w\000a}{}% 174
\BOOKMARK [1][-]{section*.175}{\376\377\000W\000a\000r\000s\000z\000a\000w\000s\000k\000i\000e\000\040\000D\000z\000i\000e\000c\000i}{}% 175
\BOOKMARK [1][-]{section*.176}{\376\377\000W\000e\000\040\000w\000t\000o\000r\000e\000k\000\040\000w\000\040\000s\000c\000h\000r\000o\000n\000i\000s\000k\000u}{}% 176
\BOOKMARK [1][-]{section*.177}{\376\377\000W\000e\000h\000i\000k\000u\001\102\000\040\000c\000z\000a\000s\000u}{}% 177
\BOOKMARK [1][-]{section*.178}{\376\377\000W\000i\000e\001\174\000a\000\040\000s\000p\000a\000d\000o\000c\000h\000r\000o\000n\000o\000w\000a}{}% 178
\BOOKMARK [1][-]{section*.179}{\376\377\000W\000i\000l\000c\000z\000a\000\040\000z\000a\000m\000i\000e\001\007}{}% 179
\BOOKMARK [1][-]{section*.180}{\376\377\000W\000i\000n\000d\000\040\000o\000f\000\040\000c\000h\000a\000n\000g\000e}{}% 180
\BOOKMARK [1][-]{section*.181}{\376\377\000W\000o\000j\000n\000a\000\040\000p\000o\000s\000t\000u\000\040\000z\000\040\000k\000a\000r\000n\000a\000w\000a\001\102\000e\000m}{}% 181
\BOOKMARK [1][-]{section*.182}{\376\377\000W\000s\000p\000i\000n\000a\000c\000z\000k\000a\000\040\000\050\000c\000z\000y\000l\000i\000\040\000h\000i\000s\000t\000o\000r\000i\000a\000\040\000p\000e\000w\000n\000e\000j\000\040\000r\000e\000w\000o\000l\000u\000c\000j\000i\000\051}{}% 182
\BOOKMARK [1][-]{section*.183}{\376\377\000W\000s\000p\000o\000m\000n\000i\000e\000n\000i\000e\000\040\000b\000u\000m\000e\000r\000a\000n\000g\000a}{}% 183
\BOOKMARK [1][-]{section*.184}{\376\377\000W\001\031\000d\000r\000o\000w\000a\000n\000i\000e}{}% 184
\BOOKMARK [1][-]{section*.185}{\376\377\000W\001\031\000d\000r\000o\000w\000i\000e\000c}{}% 185
\BOOKMARK [1][-]{section*.186}{\376\377\000W\001\031\000d\000r\000u\000j\000e\000m\000y}{}% 186
\BOOKMARK [1][-]{section*.187}{\376\377\000W\001\031\000d\000r\000\363\000w\000k\000a}{}% 187
\BOOKMARK [1][-]{section*.188}{\376\377\000Z\000\040\000n\000i\000m\000\040\000b\001\031\000d\000z\000i\000e\000s\000z\000\040\000s\000z\000c\000z\001\031\001\133\000l\000i\000w\000a}{}% 188
\BOOKMARK [1][-]{section*.189}{\376\377\000Z\000a\000m\000k\000i\000\040\000n\000a\000\040\000p\000i\000a\000s\000k\000u}{}% 189
\BOOKMARK [1][-]{section*.190}{\376\377\000Z\000a\000n\000i\000m\000\040\000p\000\363\000j\000d\001\031}{}% 190
\BOOKMARK [1][-]{section*.191}{\376\377\000Z\000a\000p\000a\000c\000h\000\040\000r\000\363\001\174\000y\000\040\000[\000r\000e\000g\000u\000l\000a\000r\000]}{}% 191
\BOOKMARK [1][-]{section*.192}{\376\377\000Z\000a\000w\000r\000a\000t}{}% 192
\BOOKMARK [1][-]{section*.193}{\376\377\000Z\000a\000w\000s\000z\000e\000\040\000t\000a\000m\000\040\000g\000d\000z\000i\000e\000\040\000T\000y}{}% 193
\BOOKMARK [1][-]{section*.194}{\376\377\000Z\000b\000r\000o\000j\000a}{}% 194
\BOOKMARK [1][-]{section*.195}{\376\377\000B\000a\000l\000l\000a\000d\000a\000\040\000o\000\040\000B\000e\001\102\000c\000i\000e}{}% 195
\BOOKMARK [1][-]{section*.196}{\376\377\000Z\000e\000g\000a\000r\000e\000k}{}% 196
\BOOKMARK [1][-]{section*.197}{\376\377\000Z\000e\000g\000a\000r\000m\000i\000s\000t\000r\000z\000\040\001\133\000w\000i\000a\000t\001\102\000a}{}% 197
\BOOKMARK [1][-]{section*.198}{\376\377\000Z\000i\000e\000l\000o\000n\000y\000\040\000P\001\102\000o\000m\000i\000e\001\104}{}% 198
\BOOKMARK [1][-]{section*.199}{\376\377\000Z\000n\000o\000w\000u\000\040\000p\000a\000d\000a\000\040\000d\000e\000s\000z\000c\000z}{}% 199
\BOOKMARK [1][-]{section*.200}{\376\377\000Z\000o\000m\000b\000i\000e}{}% 200
\BOOKMARK [1][-]{section*.201}{\376\377\000Z\000o\000s\000t\000a\000n\000i\000e\000\040\000t\000y\000l\000e\000\040\000g\000\363\000r}{}% 201
\BOOKMARK [1][-]{section*.202}{\376\377\000Z\000o\000s\000t\000a\000w\000c\000i\000e\000\040\000T\000i\000t\000a\000n\000i\000c\000a}{}% 202
\BOOKMARK [1][-]{section*.203}{\376\377\001\101\000a\000b\001\031\000d\000z\000i\000e}{}% 203
